{"C:\\Users\\somin\\Desktop\\Day7\\src\\jwt\\jwt.service.ts": {"path":"C:\\Users\\somin\\Desktop\\Day7\\src\\jwt\\jwt.service.ts","statementMap":{"0":{"start":{"line":1,"column":0},"end":{"line":1,"column":52}},"1":{"start":{"line":2,"column":0},"end":{"line":2,"column":36}},"2":{"start":{"line":4,"column":0},"end":{"line":4,"column":49}},"3":{"start":{"line":7,"column":0},"end":{"line":19,"column":null}},"4":{"start":{"line":9,"column":45},"end":{"line":9,"column":70}},"5":{"start":{"line":13,"column":4},"end":{"line":13,"column":61}},"6":{"start":{"line":17,"column":4},"end":{"line":17,"column":54}},"7":{"start":{"line":7,"column":13},"end":{"line":19,"column":null}},"8":{"start":{"line":7,"column":13},"end":{"line":7,"column":23}}},"fnMap":{"0":{"name":"(anonymous_4)","decl":{"start":{"line":8,"column":2},"end":{"line":8,"column":null}},"loc":{"start":{"line":9,"column":70},"end":{"line":10,"column":6}}},"1":{"name":"(anonymous_5)","decl":{"start":{"line":12,"column":2},"end":{"line":12,"column":6}},"loc":{"start":{"line":12,"column":21},"end":{"line":14,"column":3}}},"2":{"name":"(anonymous_6)","decl":{"start":{"line":16,"column":2},"end":{"line":16,"column":8}},"loc":{"start":{"line":16,"column":22},"end":{"line":18,"column":3}}}},"branchMap":{},"s":{"0":2,"1":2,"2":2,"3":2,"4":3,"5":1,"6":1,"7":2,"8":2},"f":{"0":3,"1":1,"2":1},"b":{}}
,"C:\\Users\\somin\\Desktop\\Day7\\src\\podcast\\podcasts.service.ts": {"path":"C:\\Users\\somin\\Desktop\\Day7\\src\\podcast\\podcasts.service.ts","statementMap":{"0":{"start":{"line":1,"column":0},"end":{"line":1,"column":44}},"1":{"start":{"line":12,"column":0},"end":{"line":12,"column":52}},"2":{"start":{"line":13,"column":0},"end":{"line":13,"column":52}},"3":{"start":{"line":22,"column":0},"end":{"line":22,"column":51}},"4":{"start":{"line":23,"column":0},"end":{"line":23,"column":37}},"5":{"start":{"line":26,"column":0},"end":{"line":221,"column":null}},"6":{"start":{"line":29,"column":21},"end":{"line":29,"column":40}},"7":{"start":{"line":31,"column":21},"end":{"line":31,"column":40}},"8":{"start":{"line":34,"column":19},"end":{"line":37,"column":4}},"9":{"start":{"line":40,"column":4},"end":{"line":50,"column":null}},"10":{"start":{"line":41,"column":23},"end":{"line":43,"column":8}},"11":{"start":{"line":44,"column":6},"end":{"line":47,"column":8}},"12":{"start":{"line":49,"column":6},"end":{"line":49,"column":44}},"13":{"start":{"line":57,"column":4},"end":{"line":65,"column":null}},"14":{"start":{"line":58,"column":25},"end":{"line":58,"column":75}},"15":{"start":{"line":59,"column":6},"end":{"line":59,"column":52}},"16":{"start":{"line":60,"column":6},"end":{"line":62,"column":8}},"17":{"start":{"line":64,"column":6},"end":{"line":64,"column":44}},"18":{"start":{"line":69,"column":4},"end":{"line":87,"column":null}},"19":{"start":{"line":70,"column":22},"end":{"line":72,"column":null}},"20":{"start":{"line":74,"column":6},"end":{"line":79,"column":null}},"21":{"start":{"line":75,"column":8},"end":{"line":78,"column":10}},"22":{"start":{"line":81,"column":6},"end":{"line":84,"column":8}},"23":{"start":{"line":86,"column":6},"end":{"line":86,"column":44}},"24":{"start":{"line":91,"column":4},"end":{"line":101,"column":null}},"25":{"start":{"line":92,"column":28},"end":{"line":92,"column":53}},"26":{"start":{"line":93,"column":6},"end":{"line":95,"column":null}},"27":{"start":{"line":94,"column":8},"end":{"line":94,"column":29}},"28":{"start":{"line":97,"column":6},"end":{"line":97,"column":50}},"29":{"start":{"line":98,"column":6},"end":{"line":98,"column":20}},"30":{"start":{"line":100,"column":6},"end":{"line":100,"column":44}},"31":{"start":{"line":108,"column":4},"end":{"line":118,"column":null}},"32":{"start":{"line":109,"column":37},"end":{"line":109,"column":62}},"33":{"start":{"line":110,"column":6},"end":{"line":112,"column":null}},"34":{"start":{"line":111,"column":8},"end":{"line":111,"column":29}},"35":{"start":{"line":113,"column":26},"end":{"line":113,"column":64}},"36":{"start":{"line":114,"column":6},"end":{"line":114,"column":56}},"37":{"start":{"line":115,"column":6},"end":{"line":115,"column":20}},"38":{"start":{"line":117,"column":6},"end":{"line":117,"column":44}},"39":{"start":{"line":122,"column":4},"end":{"line":133,"column":null}},"40":{"start":{"line":123,"column":37},"end":{"line":123,"column":69}},"41":{"start":{"line":124,"column":6},"end":{"line":126,"column":null}},"42":{"start":{"line":125,"column":8},"end":{"line":125,"column":29}},"43":{"start":{"line":127,"column":6},"end":{"line":130,"column":8}},"44":{"start":{"line":132,"column":6},"end":{"line":132,"column":44}},"45":{"start":{"line":140,"column":4},"end":{"line":158,"column":null}},"46":{"start":{"line":141,"column":38},"end":{"line":141,"column":71}},"47":{"start":{"line":142,"column":6},"end":{"line":144,"column":null}},"48":{"start":{"line":143,"column":8},"end":{"line":143,"column":29}},"49":{"start":{"line":145,"column":22},"end":{"line":145,"column":72}},"50":{"start":{"line":145,"column":47},"end":{"line":145,"column":71}},"51":{"start":{"line":146,"column":6},"end":{"line":151,"column":null}},"52":{"start":{"line":147,"column":8},"end":{"line":150,"column":10}},"53":{"start":{"line":152,"column":6},"end":{"line":155,"column":8}},"54":{"start":{"line":157,"column":6},"end":{"line":157,"column":44}},"55":{"start":{"line":166,"column":4},"end":{"line":179,"column":null}},"56":{"start":{"line":167,"column":37},"end":{"line":167,"column":69}},"57":{"start":{"line":168,"column":6},"end":{"line":170,"column":null}},"58":{"start":{"line":169,"column":8},"end":{"line":169,"column":29}},"59":{"start":{"line":171,"column":25},"end":{"line":171,"column":75}},"60":{"start":{"line":172,"column":6},"end":{"line":172,"column":35}},"61":{"start":{"line":173,"column":6},"end":{"line":173,"column":52}},"62":{"start":{"line":174,"column":6},"end":{"line":176,"column":8}},"63":{"start":{"line":178,"column":6},"end":{"line":178,"column":44}},"64":{"start":{"line":186,"column":4},"end":{"line":198,"column":null}},"65":{"start":{"line":187,"column":37},"end":{"line":190,"column":8}},"66":{"start":{"line":191,"column":6},"end":{"line":193,"column":null}},"67":{"start":{"line":192,"column":8},"end":{"line":192,"column":29}},"68":{"start":{"line":194,"column":6},"end":{"line":194,"column":62}},"69":{"start":{"line":195,"column":6},"end":{"line":195,"column":26}},"70":{"start":{"line":197,"column":6},"end":{"line":197,"column":44}},"71":{"start":{"line":203,"column":13},"end":{"line":203,"column":null}},"72":{"start":{"line":204,"column":11},"end":{"line":205,"column":23}},"73":{"start":{"line":206,"column":4},"end":{"line":219,"column":null}},"74":{"start":{"line":207,"column":37},"end":{"line":210,"column":8}},"75":{"start":{"line":211,"column":6},"end":{"line":213,"column":null}},"76":{"start":{"line":212,"column":8},"end":{"line":212,"column":29}},"77":{"start":{"line":214,"column":26},"end":{"line":214,"column":52}},"78":{"start":{"line":215,"column":6},"end":{"line":215,"column":56}},"79":{"start":{"line":216,"column":6},"end":{"line":216,"column":26}},"80":{"start":{"line":218,"column":6},"end":{"line":218,"column":44}},"81":{"start":{"line":26,"column":13},"end":{"line":221,"column":null}},"82":{"start":{"line":26,"column":13},"end":{"line":26,"column":28}}},"fnMap":{"0":{"name":"(anonymous_5)","decl":{"start":{"line":27,"column":2},"end":{"line":27,"column":null}},"loc":{"start":{"line":31,"column":59},"end":{"line":32,"column":6}}},"1":{"name":"(anonymous_6)","decl":{"start":{"line":39,"column":2},"end":{"line":39,"column":7}},"loc":{"start":{"line":39,"column":22},"end":{"line":51,"column":3}}},"2":{"name":"(anonymous_7)","decl":{"start":{"line":53,"column":2},"end":{"line":53,"column":7}},"loc":{"start":{"line":56,"column":23},"end":{"line":66,"column":3}}},"3":{"name":"(anonymous_8)","decl":{"start":{"line":68,"column":2},"end":{"line":68,"column":7}},"loc":{"start":{"line":68,"column":29},"end":{"line":88,"column":3}}},"4":{"name":"(anonymous_9)","decl":{"start":{"line":90,"column":2},"end":{"line":90,"column":7}},"loc":{"start":{"line":90,"column":32},"end":{"line":102,"column":3}}},"5":{"name":"(anonymous_10)","decl":{"start":{"line":104,"column":2},"end":{"line":104,"column":7}},"loc":{"start":{"line":107,"column":23},"end":{"line":119,"column":3}}},"6":{"name":"(anonymous_11)","decl":{"start":{"line":121,"column":2},"end":{"line":121,"column":7}},"loc":{"start":{"line":121,"column":37},"end":{"line":134,"column":3}}},"7":{"name":"(anonymous_12)","decl":{"start":{"line":136,"column":2},"end":{"line":136,"column":7}},"loc":{"start":{"line":139,"column":24},"end":{"line":159,"column":3}}},"8":{"name":"(anonymous_13)","decl":{"start":{"line":145,"column":36},"end":{"line":145,"column":43}},"loc":{"start":{"line":145,"column":47},"end":{"line":145,"column":71}}},"9":{"name":"(anonymous_14)","decl":{"start":{"line":161,"column":2},"end":{"line":161,"column":7}},"loc":{"start":{"line":165,"column":23},"end":{"line":180,"column":3}}},"10":{"name":"(anonymous_15)","decl":{"start":{"line":182,"column":2},"end":{"line":182,"column":7}},"loc":{"start":{"line":185,"column":24},"end":{"line":199,"column":3}}},"11":{"name":"(anonymous_16)","decl":{"start":{"line":201,"column":2},"end":{"line":201,"column":7}},"loc":{"start":{"line":205,"column":23},"end":{"line":220,"column":3}}}},"branchMap":{"0":{"loc":{"start":{"line":74,"column":6},"end":{"line":79,"column":null}},"type":"if","locations":[{"start":{"line":74,"column":6},"end":{"line":79,"column":null}},{"start":{"line":74,"column":6},"end":{"line":79,"column":null}}]},"1":{"loc":{"start":{"line":93,"column":6},"end":{"line":95,"column":null}},"type":"if","locations":[{"start":{"line":93,"column":6},"end":{"line":95,"column":null}},{"start":{"line":93,"column":6},"end":{"line":95,"column":null}}]},"2":{"loc":{"start":{"line":110,"column":6},"end":{"line":112,"column":null}},"type":"if","locations":[{"start":{"line":110,"column":6},"end":{"line":112,"column":null}},{"start":{"line":110,"column":6},"end":{"line":112,"column":null}}]},"3":{"loc":{"start":{"line":124,"column":6},"end":{"line":126,"column":null}},"type":"if","locations":[{"start":{"line":124,"column":6},"end":{"line":126,"column":null}},{"start":{"line":124,"column":6},"end":{"line":126,"column":null}}]},"4":{"loc":{"start":{"line":142,"column":6},"end":{"line":144,"column":null}},"type":"if","locations":[{"start":{"line":142,"column":6},"end":{"line":144,"column":null}},{"start":{"line":142,"column":6},"end":{"line":144,"column":null}}]},"5":{"loc":{"start":{"line":146,"column":6},"end":{"line":151,"column":null}},"type":"if","locations":[{"start":{"line":146,"column":6},"end":{"line":151,"column":null}},{"start":{"line":146,"column":6},"end":{"line":151,"column":null}}]},"6":{"loc":{"start":{"line":168,"column":6},"end":{"line":170,"column":null}},"type":"if","locations":[{"start":{"line":168,"column":6},"end":{"line":170,"column":null}},{"start":{"line":168,"column":6},"end":{"line":170,"column":null}}]},"7":{"loc":{"start":{"line":191,"column":6},"end":{"line":193,"column":null}},"type":"if","locations":[{"start":{"line":191,"column":6},"end":{"line":193,"column":null}},{"start":{"line":191,"column":6},"end":{"line":193,"column":null}}]},"8":{"loc":{"start":{"line":211,"column":6},"end":{"line":213,"column":null}},"type":"if","locations":[{"start":{"line":211,"column":6},"end":{"line":213,"column":null}},{"start":{"line":211,"column":6},"end":{"line":213,"column":null}}]}},"s":{"0":1,"1":1,"2":1,"3":1,"4":1,"5":1,"6":30,"7":30,"8":30,"9":2,"10":2,"11":1,"12":1,"13":2,"14":2,"15":2,"16":1,"17":1,"18":3,"19":3,"20":2,"21":1,"22":1,"23":1,"24":3,"25":3,"26":2,"27":1,"28":1,"29":1,"30":1,"31":3,"32":3,"33":2,"34":1,"35":1,"36":1,"37":1,"38":1,"39":3,"40":3,"41":2,"42":1,"43":1,"44":1,"45":4,"46":4,"47":3,"48":1,"49":2,"50":2,"51":2,"52":1,"53":1,"54":1,"55":3,"56":3,"57":2,"58":1,"59":1,"60":1,"61":1,"62":1,"63":1,"64":3,"65":3,"66":2,"67":1,"68":1,"69":1,"70":1,"71":3,"72":3,"73":3,"74":3,"75":2,"76":1,"77":1,"78":1,"79":1,"80":1,"81":1,"82":1},"f":{"0":30,"1":2,"2":2,"3":3,"4":3,"5":3,"6":3,"7":4,"8":2,"9":3,"10":3,"11":3},"b":{"0":[1,1],"1":[1,1],"2":[1,1],"3":[1,1],"4":[1,2],"5":[1,1],"6":[1,1],"7":[1,1],"8":[1,1]}}
,"C:\\Users\\somin\\Desktop\\Day7\\src\\users\\users.service.ts": {"path":"C:\\Users\\somin\\Desktop\\Day7\\src\\users\\users.service.ts","statementMap":{"0":{"start":{"line":1,"column":0},"end":{"line":1,"column":44}},"1":{"start":{"line":2,"column":0},"end":{"line":2,"column":46}},"2":{"start":{"line":8,"column":0},"end":{"line":8,"column":51}},"3":{"start":{"line":9,"column":0},"end":{"line":9,"column":37}},"4":{"start":{"line":10,"column":0},"end":{"line":10,"column":48}},"5":{"start":{"line":15,"column":0},"end":{"line":119,"column":null}},"6":{"start":{"line":18,"column":21},"end":{"line":18,"column":28}},"7":{"start":{"line":19,"column":21},"end":{"line":19,"column":33}},"8":{"start":{"line":27,"column":4},"end":{"line":48,"column":null}},"9":{"start":{"line":28,"column":21},"end":{"line":28,"column":56}},"10":{"start":{"line":29,"column":6},"end":{"line":31,"column":null}},"11":{"start":{"line":30,"column":8},"end":{"line":30,"column":79}},"12":{"start":{"line":32,"column":19},"end":{"line":36,"column":8}},"13":{"start":{"line":37,"column":6},"end":{"line":37,"column":34}},"14":{"start":{"line":39,"column":6},"end":{"line":42,"column":8}},"15":{"start":{"line":44,"column":6},"end":{"line":47,"column":8}},"16":{"start":{"line":51,"column":4},"end":{"line":78,"column":null}},"17":{"start":{"line":52,"column":19},"end":{"line":54,"column":null}},"18":{"start":{"line":56,"column":6},"end":{"line":58,"column":null}},"19":{"start":{"line":57,"column":8},"end":{"line":57,"column":54}},"20":{"start":{"line":59,"column":30},"end":{"line":59,"column":64}},"21":{"start":{"line":60,"column":6},"end":{"line":65,"column":null}},"22":{"start":{"line":61,"column":8},"end":{"line":64,"column":10}},"23":{"start":{"line":67,"column":20},"end":{"line":67,"column":49}},"24":{"start":{"line":69,"column":6},"end":{"line":72,"column":8}},"25":{"start":{"line":74,"column":6},"end":{"line":77,"column":8}},"26":{"start":{"line":82,"column":4},"end":{"line":93,"column":null}},"27":{"start":{"line":83,"column":19},"end":{"line":83,"column":57}},"28":{"start":{"line":84,"column":6},"end":{"line":87,"column":8}},"29":{"start":{"line":89,"column":6},"end":{"line":92,"column":8}},"30":{"start":{"line":100,"column":4},"end":{"line":117,"column":null}},"31":{"start":{"line":101,"column":19},"end":{"line":101,"column":51}},"32":{"start":{"line":102,"column":6},"end":{"line":104,"column":null}},"33":{"start":{"line":103,"column":8},"end":{"line":103,"column":27}},"34":{"start":{"line":105,"column":6},"end":{"line":107,"column":null}},"35":{"start":{"line":106,"column":8},"end":{"line":106,"column":33}},"36":{"start":{"line":108,"column":6},"end":{"line":108,"column":34}},"37":{"start":{"line":109,"column":6},"end":{"line":111,"column":8}},"38":{"start":{"line":113,"column":6},"end":{"line":116,"column":8}},"39":{"start":{"line":15,"column":13},"end":{"line":119,"column":null}},"40":{"start":{"line":15,"column":13},"end":{"line":15,"column":25}}},"fnMap":{"0":{"name":"(anonymous_4)","decl":{"start":{"line":16,"column":2},"end":{"line":16,"column":null}},"loc":{"start":{"line":19,"column":43},"end":{"line":20,"column":6}}},"1":{"name":"(anonymous_5)","decl":{"start":{"line":22,"column":2},"end":{"line":22,"column":7}},"loc":{"start":{"line":26,"column":23},"end":{"line":49,"column":3}}},"2":{"name":"(anonymous_6)","decl":{"start":{"line":50,"column":2},"end":{"line":50,"column":7}},"loc":{"start":{"line":50,"column":45},"end":{"line":79,"column":3}}},"3":{"name":"(anonymous_7)","decl":{"start":{"line":81,"column":2},"end":{"line":81,"column":7}},"loc":{"start":{"line":81,"column":27},"end":{"line":94,"column":3}}},"4":{"name":"(anonymous_8)","decl":{"start":{"line":96,"column":2},"end":{"line":96,"column":7}},"loc":{"start":{"line":98,"column":41},"end":{"line":118,"column":3}}}},"branchMap":{"0":{"loc":{"start":{"line":29,"column":6},"end":{"line":31,"column":null}},"type":"if","locations":[{"start":{"line":29,"column":6},"end":{"line":31,"column":null}},{"start":{"line":29,"column":6},"end":{"line":31,"column":null}}]},"1":{"loc":{"start":{"line":56,"column":6},"end":{"line":58,"column":null}},"type":"if","locations":[{"start":{"line":56,"column":6},"end":{"line":58,"column":null}},{"start":{"line":56,"column":6},"end":{"line":58,"column":null}}]},"2":{"loc":{"start":{"line":60,"column":6},"end":{"line":65,"column":null}},"type":"if","locations":[{"start":{"line":60,"column":6},"end":{"line":65,"column":null}},{"start":{"line":60,"column":6},"end":{"line":65,"column":null}}]},"3":{"loc":{"start":{"line":102,"column":6},"end":{"line":104,"column":null}},"type":"if","locations":[{"start":{"line":102,"column":6},"end":{"line":104,"column":null}},{"start":{"line":102,"column":6},"end":{"line":104,"column":null}}]},"4":{"loc":{"start":{"line":105,"column":6},"end":{"line":107,"column":null}},"type":"if","locations":[{"start":{"line":105,"column":6},"end":{"line":107,"column":null}},{"start":{"line":105,"column":6},"end":{"line":107,"column":null}}]}},"s":{"0":1,"1":1,"2":1,"3":1,"4":1,"5":1,"6":13,"7":13,"8":3,"9":3,"10":2,"11":1,"12":1,"13":1,"14":1,"15":1,"16":4,"17":4,"18":3,"19":1,"20":2,"21":2,"22":1,"23":1,"24":1,"25":1,"26":2,"27":2,"28":1,"29":1,"30":3,"31":3,"32":2,"33":1,"34":2,"35":1,"36":2,"37":2,"38":1,"39":1,"40":1},"f":{"0":13,"1":3,"2":4,"3":2,"4":3},"b":{"0":[1,1],"1":[1,2],"2":[1,1],"3":[1,1],"4":[1,1]}}
}
