{"C:\\Users\\somin\\Desktop\\Day16\\src\\components\\app.tsx": {"path":"C:\\Users\\somin\\Desktop\\Day16\\src\\components\\app.tsx","statementMap":{"0":{"start":{"line":6,"column":19},"end":{"line":9,"column":1}},"1":{"start":{"line":7,"column":21},"end":{"line":7,"column":50}},"2":{"start":{"line":8,"column":2},"end":{"line":8,"column":63}}},"fnMap":{"0":{"name":"(anonymous_0)","decl":{"start":{"line":6,"column":19},"end":{"line":6,"column":20}},"loc":{"start":{"line":6,"column":25},"end":{"line":9,"column":1}},"line":6}},"branchMap":{"0":{"loc":{"start":{"line":8,"column":9},"end":{"line":8,"column":62}},"type":"cond-expr","locations":[{"start":{"line":8,"column":22},"end":{"line":8,"column":40}},{"start":{"line":8,"column":43},"end":{"line":8,"column":62}}],"line":8}},"s":{"0":1,"1":3,"2":3},"f":{"0":3},"b":{"0":[1,2]},"_coverageSchema":"1a1c01bbd47fc00a2c39e90264f33305004495a9","hash":"c6085b4d63f15fcd3ae22c0823fd726dc24ed002"}
,"C:\\Users\\somin\\Desktop\\Day16\\src\\components\\button.tsx": {"path":"C:\\Users\\somin\\Desktop\\Day16\\src\\components\\button.tsx","statementMap":{"0":{"start":{"line":10,"column":46},"end":{"line":25,"column":1}},"1":{"start":{"line":16,"column":2},"end":{"line":24,"column":11}}},"fnMap":{"0":{"name":"(anonymous_0)","decl":{"start":{"line":10,"column":46},"end":{"line":10,"column":47}},"loc":{"start":{"line":16,"column":2},"end":{"line":24,"column":11}},"line":16}},"branchMap":{"0":{"loc":{"start":{"line":18,"column":6},"end":{"line":20,"column":43}},"type":"cond-expr","locations":[{"start":{"line":19,"column":10},"end":{"line":19,"column":41}},{"start":{"line":20,"column":10},"end":{"line":20,"column":43}}],"line":18},"1":{"loc":{"start":{"line":23,"column":5},"end":{"line":23,"column":40}},"type":"cond-expr","locations":[{"start":{"line":23,"column":15},"end":{"line":23,"column":27}},{"start":{"line":23,"column":30},"end":{"line":23,"column":40}}],"line":23}},"s":{"0":3,"1":6},"f":{"0":6},"b":{"0":[3,3],"1":[1,5]},"_coverageSchema":"1a1c01bbd47fc00a2c39e90264f33305004495a9","hash":"cef288af4673a3183d06efc56df4caa6c5b5c467"}
,"C:\\Users\\somin\\Desktop\\Day16\\src\\components\\form-error.tsx": {"path":"C:\\Users\\somin\\Desktop\\Day16\\src\\components\\form-error.tsx","statementMap":{"0":{"start":{"line":7,"column":51},"end":{"line":9,"column":1}},"1":{"start":{"line":8,"column":4},"end":{"line":8,"column":98}}},"fnMap":{"0":{"name":"(anonymous_0)","decl":{"start":{"line":7,"column":51},"end":{"line":7,"column":52}},"loc":{"start":{"line":8,"column":4},"end":{"line":8,"column":98}},"line":8}},"branchMap":{},"s":{"0":3,"1":1},"f":{"0":1},"b":{},"_coverageSchema":"1a1c01bbd47fc00a2c39e90264f33305004495a9","hash":"34b29d6aa597d7b336039995fa193c2a5eef4943"}
,"C:\\Users\\somin\\Desktop\\Day16\\src\\components\\header.tsx": {"path":"C:\\Users\\somin\\Desktop\\Day16\\src\\components\\header.tsx","statementMap":{"0":{"start":{"line":4,"column":31},"end":{"line":28,"column":1}},"1":{"start":{"line":5,"column":21},"end":{"line":5,"column":28}},"2":{"start":{"line":6,"column":4},"end":{"line":27,"column":5}}},"fnMap":{"0":{"name":"(anonymous_0)","decl":{"start":{"line":4,"column":31},"end":{"line":4,"column":32}},"loc":{"start":{"line":4,"column":37},"end":{"line":28,"column":1}},"line":4}},"branchMap":{},"s":{"0":1,"1":2,"2":2},"f":{"0":2},"b":{},"_coverageSchema":"1a1c01bbd47fc00a2c39e90264f33305004495a9","hash":"aed976767f27d2b599a915f525ed476ab8ef1b06"}
,"C:\\Users\\somin\\Desktop\\Day16\\src\\pages\\create-account.tsx": {"path":"C:\\Users\\somin\\Desktop\\Day16\\src\\pages\\create-account.tsx","statementMap":{"0":{"start":{"line":13,"column":32},"end":{"line":20,"column":1}},"1":{"start":{"line":29,"column":29},"end":{"line":212,"column":1}},"2":{"start":{"line":30,"column":67},"end":{"line":37,"column":4}},"3":{"start":{"line":38,"column":18},"end":{"line":38,"column":30}},"4":{"start":{"line":39,"column":22},"end":{"line":48,"column":3}},"5":{"start":{"line":42,"column":8},"end":{"line":42,"column":12}},"6":{"start":{"line":44,"column":4},"end":{"line":47,"column":5}},"7":{"start":{"line":45,"column":6},"end":{"line":45,"column":44}},"8":{"start":{"line":46,"column":6},"end":{"line":46,"column":24}},"9":{"start":{"line":49,"column":36},"end":{"line":49,"column":47}},"10":{"start":{"line":53,"column":6},"end":{"line":61,"column":3}},"11":{"start":{"line":62,"column":18},"end":{"line":64,"column":3}},"12":{"start":{"line":63,"column":4},"end":{"line":63,"column":42}},"13":{"start":{"line":63,"column":18},"end":{"line":63,"column":42}},"14":{"start":{"line":65,"column":2},"end":{"line":211,"column":4}},"15":{"start":{"line":151,"column":35},"end":{"line":151,"column":65}},"16":{"start":{"line":188,"column":14},"end":{"line":190,"column":23}}},"fnMap":{"0":{"name":"(anonymous_0)","decl":{"start":{"line":29,"column":29},"end":{"line":29,"column":30}},"loc":{"start":{"line":29,"column":35},"end":{"line":212,"column":1}},"line":29},"1":{"name":"(anonymous_1)","decl":{"start":{"line":39,"column":22},"end":{"line":39,"column":23}},"loc":{"start":{"line":39,"column":55},"end":{"line":48,"column":3}},"line":39},"2":{"name":"(anonymous_2)","decl":{"start":{"line":62,"column":18},"end":{"line":62,"column":19}},"loc":{"start":{"line":62,"column":24},"end":{"line":64,"column":3}},"line":62},"3":{"name":"(anonymous_3)","decl":{"start":{"line":151,"column":24},"end":{"line":151,"column":25}},"loc":{"start":{"line":151,"column":35},"end":{"line":151,"column":65}},"line":151},"4":{"name":"(anonymous_4)","decl":{"start":{"line":187,"column":39},"end":{"line":187,"column":40}},"loc":{"start":{"line":188,"column":14},"end":{"line":190,"column":23}},"line":188}},"branchMap":{"0":{"loc":{"start":{"line":44,"column":4},"end":{"line":47,"column":5}},"type":"if","locations":[{"start":{"line":44,"column":4},"end":{"line":47,"column":5}},{"start":{"line":44,"column":4},"end":{"line":47,"column":5}}],"line":44},"1":{"loc":{"start":{"line":63,"column":4},"end":{"line":63,"column":42}},"type":"if","locations":[{"start":{"line":63,"column":4},"end":{"line":63,"column":42}},{"start":{"line":63,"column":4},"end":{"line":63,"column":42}}],"line":63},"2":{"loc":{"start":{"line":111,"column":11},"end":{"line":113,"column":11}},"type":"binary-expr","locations":[{"start":{"line":111,"column":11},"end":{"line":111,"column":32}},{"start":{"line":112,"column":12},"end":{"line":112,"column":61}}],"line":111},"3":{"loc":{"start":{"line":158,"column":11},"end":{"line":160,"column":11}},"type":"binary-expr","locations":[{"start":{"line":158,"column":11},"end":{"line":158,"column":35}},{"start":{"line":159,"column":12},"end":{"line":159,"column":64}}],"line":158},"4":{"loc":{"start":{"line":161,"column":11},"end":{"line":163,"column":11}},"type":"binary-expr","locations":[{"start":{"line":161,"column":11},"end":{"line":161,"column":34}},{"start":{"line":162,"column":12},"end":{"line":162,"column":61}}],"line":161},"5":{"loc":{"start":{"line":199,"column":11},"end":{"line":201,"column":11}},"type":"binary-expr","locations":[{"start":{"line":199,"column":11},"end":{"line":199,"column":51}},{"start":{"line":200,"column":12},"end":{"line":200,"column":80}}],"line":199}},"s":{"0":1,"1":1,"2":2,"3":2,"4":2,"5":0,"6":0,"7":0,"8":0,"9":2,"10":2,"11":2,"12":0,"13":0,"14":2,"15":0,"16":4},"f":{"0":2,"1":0,"2":0,"3":0,"4":4},"b":{"0":[0,0],"1":[0,0],"2":[2,0],"3":[2,0],"4":[2,0],"5":[2,0]},"_coverageSchema":"1a1c01bbd47fc00a2c39e90264f33305004495a9","hash":"66823199b0d56f1c6dfd85d1fbb3655ed58ffeea"}
,"C:\\Users\\somin\\Desktop\\Day16\\src\\pages\\login.tsx": {"path":"C:\\Users\\somin\\Desktop\\Day16\\src\\pages\\login.tsx","statementMap":{"0":{"start":{"line":14,"column":23},"end":{"line":22,"column":1}},"1":{"start":{"line":29,"column":21},"end":{"line":174,"column":1}},"2":{"start":{"line":30,"column":67},"end":{"line":34,"column":4}},"3":{"start":{"line":36,"column":22},"end":{"line":46,"column":3}},"4":{"start":{"line":39,"column":8},"end":{"line":39,"column":12}},"5":{"start":{"line":41,"column":4},"end":{"line":45,"column":5}},"6":{"start":{"line":42,"column":6},"end":{"line":42,"column":44}},"7":{"start":{"line":43,"column":6},"end":{"line":43,"column":26}},"8":{"start":{"line":44,"column":6},"end":{"line":44,"column":26}},"9":{"start":{"line":47,"column":20},"end":{"line":49,"column":3}},"10":{"start":{"line":50,"column":66},"end":{"line":56,"column":4}},"11":{"start":{"line":58,"column":18},"end":{"line":60,"column":3}},"12":{"start":{"line":59,"column":4},"end":{"line":59,"column":34}},"13":{"start":{"line":59,"column":18},"end":{"line":59,"column":34}},"14":{"start":{"line":62,"column":2},"end":{"line":173,"column":4}}},"fnMap":{"0":{"name":"(anonymous_0)","decl":{"start":{"line":29,"column":21},"end":{"line":29,"column":22}},"loc":{"start":{"line":29,"column":27},"end":{"line":174,"column":1}},"line":29},"1":{"name":"(anonymous_1)","decl":{"start":{"line":36,"column":22},"end":{"line":36,"column":23}},"loc":{"start":{"line":36,"column":47},"end":{"line":46,"column":3}},"line":36},"2":{"name":"(anonymous_2)","decl":{"start":{"line":58,"column":18},"end":{"line":58,"column":19}},"loc":{"start":{"line":58,"column":24},"end":{"line":60,"column":3}},"line":58}},"branchMap":{"0":{"loc":{"start":{"line":41,"column":4},"end":{"line":45,"column":5}},"type":"if","locations":[{"start":{"line":41,"column":4},"end":{"line":45,"column":5}},{"start":{"line":41,"column":4},"end":{"line":45,"column":5}}],"line":41},"1":{"loc":{"start":{"line":41,"column":8},"end":{"line":41,"column":19}},"type":"binary-expr","locations":[{"start":{"line":41,"column":8},"end":{"line":41,"column":10}},{"start":{"line":41,"column":14},"end":{"line":41,"column":19}}],"line":41},"2":{"loc":{"start":{"line":59,"column":4},"end":{"line":59,"column":34}},"type":"if","locations":[{"start":{"line":59,"column":4},"end":{"line":59,"column":34}},{"start":{"line":59,"column":4},"end":{"line":59,"column":34}}],"line":59},"3":{"loc":{"start":{"line":113,"column":13},"end":{"line":115,"column":13}},"type":"binary-expr","locations":[{"start":{"line":113,"column":13},"end":{"line":113,"column":34}},{"start":{"line":114,"column":14},"end":{"line":114,"column":63}}],"line":113},"4":{"loc":{"start":{"line":142,"column":13},"end":{"line":144,"column":13}},"type":"binary-expr","locations":[{"start":{"line":142,"column":13},"end":{"line":142,"column":37}},{"start":{"line":143,"column":14},"end":{"line":143,"column":66}}],"line":142},"5":{"loc":{"start":{"line":145,"column":13},"end":{"line":147,"column":13}},"type":"binary-expr","locations":[{"start":{"line":145,"column":13},"end":{"line":145,"column":50}},{"start":{"line":146,"column":14},"end":{"line":146,"column":83}}],"line":145},"6":{"loc":{"start":{"line":155,"column":13},"end":{"line":157,"column":13}},"type":"binary-expr","locations":[{"start":{"line":155,"column":13},"end":{"line":155,"column":45}},{"start":{"line":156,"column":14},"end":{"line":156,"column":74}}],"line":155}},"s":{"0":1,"1":1,"2":2,"3":2,"4":0,"5":0,"6":0,"7":0,"8":0,"9":2,"10":2,"11":2,"12":0,"13":0,"14":2},"f":{"0":2,"1":0,"2":0},"b":{"0":[0,0],"1":[0,0],"2":[0,0],"3":[2,0],"4":[2,0],"5":[2,0],"6":[2,0]},"_coverageSchema":"1a1c01bbd47fc00a2c39e90264f33305004495a9","hash":"bb610f3d6a923b14630e7dcb790d2e706dd77c4c"}
,"C:\\Users\\somin\\Desktop\\Day16\\src\\pages\\listener\\episodes.tsx": {"path":"C:\\Users\\somin\\Desktop\\Day16\\src\\pages\\listener\\episodes.tsx","statementMap":{"0":{"start":{"line":11,"column":27},"end":{"line":30,"column":1}},"1":{"start":{"line":36,"column":24},"end":{"line":118,"column":1}},"2":{"start":{"line":37,"column":17},"end":{"line":37,"column":44}},"3":{"start":{"line":38,"column":35},"end":{"line":47,"column":3}},"4":{"start":{"line":49,"column":2},"end":{"line":55,"column":3}},"5":{"start":{"line":50,"column":4},"end":{"line":54,"column":6}},"6":{"start":{"line":57,"column":2},"end":{"line":117,"column":4}},"7":{"start":{"line":86,"column":10},"end":{"line":113,"column":16}}},"fnMap":{"0":{"name":"(anonymous_0)","decl":{"start":{"line":36,"column":24},"end":{"line":36,"column":25}},"loc":{"start":{"line":36,"column":30},"end":{"line":118,"column":1}},"line":36},"1":{"name":"(anonymous_1)","decl":{"start":{"line":85,"column":41},"end":{"line":85,"column":42}},"loc":{"start":{"line":86,"column":10},"end":{"line":113,"column":16}},"line":86}},"branchMap":{"0":{"loc":{"start":{"line":49,"column":2},"end":{"line":55,"column":3}},"type":"if","locations":[{"start":{"line":49,"column":2},"end":{"line":55,"column":3}},{"start":{"line":49,"column":2},"end":{"line":55,"column":3}}],"line":49},"1":{"loc":{"start":{"line":49,"column":6},"end":{"line":49,"column":31}},"type":"binary-expr","locations":[{"start":{"line":49,"column":6},"end":{"line":49,"column":11}},{"start":{"line":49,"column":15},"end":{"line":49,"column":22}},{"start":{"line":49,"column":26},"end":{"line":49,"column":31}}],"line":49}},"s":{"0":1,"1":1,"2":2,"3":2,"4":2,"5":2,"6":0,"7":0},"f":{"0":2,"1":0},"b":{"0":[2,0],"1":[2,0,0]},"_coverageSchema":"1a1c01bbd47fc00a2c39e90264f33305004495a9","hash":"1a02fe25b17c5eb563ba514e27b68057aaf9fa61"}
,"C:\\Users\\somin\\Desktop\\Day16\\src\\pages\\listener\\podcasts.tsx": {"path":"C:\\Users\\somin\\Desktop\\Day16\\src\\pages\\listener\\podcasts.tsx","statementMap":{"0":{"start":{"line":7,"column":26},"end":{"line":18,"column":1}},"1":{"start":{"line":20,"column":24},"end":{"line":43,"column":1}},"2":{"start":{"line":21,"column":21},"end":{"line":21,"column":68}},"3":{"start":{"line":23,"column":4},"end":{"line":42,"column":10}},"4":{"start":{"line":29,"column":12},"end":{"line":39,"column":19}}},"fnMap":{"0":{"name":"(anonymous_0)","decl":{"start":{"line":20,"column":24},"end":{"line":20,"column":25}},"loc":{"start":{"line":20,"column":30},"end":{"line":43,"column":1}},"line":20},"1":{"name":"(anonymous_1)","decl":{"start":{"line":28,"column":44},"end":{"line":28,"column":45}},"loc":{"start":{"line":29,"column":12},"end":{"line":39,"column":19}},"line":29}},"branchMap":{},"s":{"0":1,"1":1,"2":2,"3":2,"4":0},"f":{"0":2,"1":0},"b":{},"_coverageSchema":"1a1c01bbd47fc00a2c39e90264f33305004495a9","hash":"66604a88f6f0df285002554fa25ae50e412ee877"}
,"C:\\Users\\somin\\Desktop\\Day16\\src\\routers\\logged-in-router.tsx": {"path":"C:\\Users\\somin\\Desktop\\Day16\\src\\routers\\logged-in-router.tsx","statementMap":{"0":{"start":{"line":10,"column":23},"end":{"line":17,"column":1}},"1":{"start":{"line":19,"column":30},"end":{"line":43,"column":1}},"2":{"start":{"line":20,"column":37},"end":{"line":20,"column":44}},"3":{"start":{"line":22,"column":24},"end":{"line":25,"column":5}},"4":{"start":{"line":23,"column":8},"end":{"line":23,"column":42}},"5":{"start":{"line":24,"column":8},"end":{"line":24,"column":29}},"6":{"start":{"line":26,"column":4},"end":{"line":32,"column":5}},"7":{"start":{"line":27,"column":8},"end":{"line":31,"column":10}},"8":{"start":{"line":33,"column":4},"end":{"line":42,"column":5}}},"fnMap":{"0":{"name":"(anonymous_0)","decl":{"start":{"line":19,"column":30},"end":{"line":19,"column":31}},"loc":{"start":{"line":19,"column":36},"end":{"line":43,"column":1}},"line":19},"1":{"name":"(anonymous_1)","decl":{"start":{"line":22,"column":24},"end":{"line":22,"column":25}},"loc":{"start":{"line":22,"column":30},"end":{"line":25,"column":5}},"line":22}},"branchMap":{"0":{"loc":{"start":{"line":26,"column":4},"end":{"line":32,"column":5}},"type":"if","locations":[{"start":{"line":26,"column":4},"end":{"line":32,"column":5}},{"start":{"line":26,"column":4},"end":{"line":32,"column":5}}],"line":26},"1":{"loc":{"start":{"line":26,"column":8},"end":{"line":26,"column":33}},"type":"binary-expr","locations":[{"start":{"line":26,"column":8},"end":{"line":26,"column":13}},{"start":{"line":26,"column":17},"end":{"line":26,"column":24}},{"start":{"line":26,"column":28},"end":{"line":26,"column":33}}],"line":26},"2":{"loc":{"start":{"line":37,"column":17},"end":{"line":37,"column":62}},"type":"binary-expr","locations":[{"start":{"line":37,"column":17},"end":{"line":37,"column":44}},{"start":{"line":37,"column":48},"end":{"line":37,"column":62}}],"line":37}},"s":{"0":0,"1":0,"2":0,"3":0,"4":0,"5":0,"6":0,"7":0,"8":0},"f":{"0":0,"1":0},"b":{"0":[0,0],"1":[0,0,0],"2":[0,0]}}
,"C:\\Users\\somin\\Desktop\\Day16\\src\\routers\\logged-out-router.tsx": {"path":"C:\\Users\\somin\\Desktop\\Day16\\src\\routers\\logged-out-router.tsx","statementMap":{"0":{"start":{"line":7,"column":31},"end":{"line":17,"column":1}},"1":{"start":{"line":8,"column":4},"end":{"line":16,"column":5}}},"fnMap":{"0":{"name":"(anonymous_0)","decl":{"start":{"line":7,"column":31},"end":{"line":7,"column":32}},"loc":{"start":{"line":7,"column":37},"end":{"line":17,"column":1}},"line":7}},"branchMap":{},"s":{"0":0,"1":0},"f":{"0":0},"b":{}}
}
