TN:
SF:src\components\app.tsx
FN:6,(anonymous_0)
FNF:1
FNH:1
FNDA:3,(anonymous_0)
DA:6,1
DA:7,3
DA:8,3
LF:3
LH:3
BRDA:8,0,0,1
BRDA:8,0,1,2
BRF:2
BRH:2
end_of_record
TN:
SF:src\components\button.tsx
FN:10,(anonymous_0)
FNF:1
FNH:1
FNDA:6,(anonymous_0)
DA:10,3
DA:16,6
LF:2
LH:2
BRDA:18,0,0,3
BRDA:18,0,1,3
BRDA:23,1,0,1
BRDA:23,1,1,5
BRF:4
BRH:4
end_of_record
TN:
SF:src\components\form-error.tsx
FN:7,(anonymous_0)
FNF:1
FNH:1
FNDA:1,(anonymous_0)
DA:7,3
DA:8,1
LF:2
LH:2
BRF:0
BRH:0
end_of_record
TN:
SF:src\components\header.tsx
FN:4,(anonymous_0)
FNF:1
FNH:1
FNDA:2,(anonymous_0)
DA:4,1
DA:5,2
DA:6,2
LF:3
LH:3
BRF:0
BRH:0
end_of_record
TN:
SF:src\pages\create-account.tsx
FN:29,(anonymous_0)
FN:39,(anonymous_1)
FN:62,(anonymous_2)
FN:151,(anonymous_3)
FN:187,(anonymous_4)
FNF:5
FNH:2
FNDA:2,(anonymous_0)
FNDA:0,(anonymous_1)
FNDA:0,(anonymous_2)
FNDA:0,(anonymous_3)
FNDA:4,(anonymous_4)
DA:13,1
DA:29,1
DA:30,2
DA:38,2
DA:39,2
DA:42,0
DA:44,0
DA:45,0
DA:46,0
DA:49,2
DA:53,2
DA:62,2
DA:63,0
DA:65,2
DA:151,0
DA:188,4
LF:16
LH:10
BRDA:44,0,0,0
BRDA:44,0,1,0
BRDA:63,1,0,0
BRDA:63,1,1,0
BRDA:111,2,0,2
BRDA:111,2,1,0
BRDA:158,3,0,2
BRDA:158,3,1,0
BRDA:161,4,0,2
BRDA:161,4,1,0
BRDA:199,5,0,2
BRDA:199,5,1,0
BRF:12
BRH:4
end_of_record
TN:
SF:src\pages\login.tsx
FN:29,(anonymous_0)
FN:36,(anonymous_1)
FN:58,(anonymous_2)
FNF:3
FNH:1
FNDA:2,(anonymous_0)
FNDA:0,(anonymous_1)
FNDA:0,(anonymous_2)
DA:14,1
DA:29,1
DA:30,2
DA:36,2
DA:39,0
DA:41,0
DA:42,0
DA:43,0
DA:44,0
DA:47,2
DA:50,2
DA:58,2
DA:59,0
DA:62,2
LF:14
LH:8
BRDA:41,0,0,0
BRDA:41,0,1,0
BRDA:41,1,0,0
BRDA:41,1,1,0
BRDA:59,2,0,0
BRDA:59,2,1,0
BRDA:113,3,0,2
BRDA:113,3,1,0
BRDA:142,4,0,2
BRDA:142,4,1,0
BRDA:145,5,0,2
BRDA:145,5,1,0
BRDA:155,6,0,2
BRDA:155,6,1,0
BRF:14
BRH:4
end_of_record
TN:
SF:src\pages\listener\episodes.tsx
FN:36,(anonymous_0)
FN:85,(anonymous_1)
FNF:2
FNH:1
FNDA:2,(anonymous_0)
FNDA:0,(anonymous_1)
DA:11,1
DA:36,1
DA:37,2
DA:38,2
DA:49,2
DA:50,2
DA:57,0
DA:86,0
LF:8
LH:6
BRDA:49,0,0,2
BRDA:49,0,1,0
BRDA:49,1,0,2
BRDA:49,1,1,0
BRDA:49,1,2,0
BRF:5
BRH:2
end_of_record
TN:
SF:src\pages\listener\podcasts.tsx
FN:20,(anonymous_0)
FN:28,(anonymous_1)
FNF:2
FNH:1
FNDA:2,(anonymous_0)
FNDA:0,(anonymous_1)
DA:7,1
DA:20,1
DA:21,2
DA:23,2
DA:29,0
LF:5
LH:4
BRF:0
BRH:0
end_of_record
TN:
SF:src\routers\logged-in-router.tsx
FN:19,(anonymous_0)
FN:22,(anonymous_1)
FNF:2
FNH:0
FNDA:0,(anonymous_0)
FNDA:0,(anonymous_1)
DA:10,0
DA:19,0
DA:20,0
DA:22,0
DA:23,0
DA:24,0
DA:26,0
DA:27,0
DA:33,0
LF:9
LH:0
BRDA:26,0,0,0
BRDA:26,0,1,0
BRDA:26,1,0,0
BRDA:26,1,1,0
BRDA:26,1,2,0
BRDA:37,2,0,0
BRDA:37,2,1,0
BRF:7
BRH:0
end_of_record
TN:
SF:src\routers\logged-out-router.tsx
FN:7,(anonymous_0)
FNF:1
FNH:0
FNDA:0,(anonymous_0)
DA:7,0
DA:8,0
LF:2
LH:0
BRF:0
BRH:0
end_of_record
