TN:
SF:src\jwt\jwt.service.ts
FN:8,(anonymous_4)
FN:12,(anonymous_5)
FN:16,(anonymous_6)
FNF:3
FNH:3
FNDA:3,(anonymous_4)
FNDA:1,(anonymous_5)
FNDA:1,(anonymous_6)
DA:1,2
DA:2,2
DA:4,2
DA:7,2
DA:9,3
DA:13,1
DA:17,1
LF:7
LH:7
BRF:0
BRH:0
end_of_record
TN:
SF:src\podcast\podcasts.service.ts
FN:27,(anonymous_5)
FN:39,(anonymous_6)
FN:53,(anonymous_7)
FN:68,(anonymous_8)
FN:90,(anonymous_9)
FN:104,(anonymous_10)
FN:121,(anonymous_11)
FN:136,(anonymous_12)
FN:145,(anonymous_13)
FN:161,(anonymous_14)
FN:182,(anonymous_15)
FN:201,(anonymous_16)
FNF:12
FNH:12
FNDA:30,(anonymous_5)
FNDA:2,(anonymous_6)
FNDA:2,(anonymous_7)
FNDA:3,(anonymous_8)
FNDA:3,(anonymous_9)
FNDA:3,(anonymous_10)
FNDA:3,(anonymous_11)
FNDA:4,(anonymous_12)
FNDA:2,(anonymous_13)
FNDA:3,(anonymous_14)
FNDA:3,(anonymous_15)
FNDA:3,(anonymous_16)
DA:1,1
DA:12,1
DA:13,1
DA:22,1
DA:23,1
DA:26,1
DA:29,30
DA:31,30
DA:34,30
DA:40,2
DA:41,2
DA:44,1
DA:49,1
DA:57,2
DA:58,2
DA:59,2
DA:60,1
DA:64,1
DA:69,3
DA:70,3
DA:74,2
DA:75,1
DA:81,1
DA:86,1
DA:91,3
DA:92,3
DA:93,2
DA:94,1
DA:97,1
DA:98,1
DA:100,1
DA:108,3
DA:109,3
DA:110,2
DA:111,1
DA:113,1
DA:114,1
DA:115,1
DA:117,1
DA:122,3
DA:123,3
DA:124,2
DA:125,1
DA:127,1
DA:132,1
DA:140,4
DA:141,4
DA:142,3
DA:143,1
DA:145,2
DA:146,2
DA:147,1
DA:152,1
DA:157,1
DA:166,3
DA:167,3
DA:168,2
DA:169,1
DA:171,1
DA:172,1
DA:173,1
DA:174,1
DA:178,1
DA:186,3
DA:187,3
DA:191,2
DA:192,1
DA:194,1
DA:195,1
DA:197,1
DA:203,3
DA:204,3
DA:206,3
DA:207,3
DA:211,2
DA:212,1
DA:214,1
DA:215,1
DA:216,1
DA:218,1
LF:80
LH:80
BRDA:74,0,0,1
BRDA:74,0,1,1
BRDA:93,1,0,1
BRDA:93,1,1,1
BRDA:110,2,0,1
BRDA:110,2,1,1
BRDA:124,3,0,1
BRDA:124,3,1,1
BRDA:142,4,0,1
BRDA:142,4,1,2
BRDA:146,5,0,1
BRDA:146,5,1,1
BRDA:168,6,0,1
BRDA:168,6,1,1
BRDA:191,7,0,1
BRDA:191,7,1,1
BRDA:211,8,0,1
BRDA:211,8,1,1
BRF:18
BRH:18
end_of_record
TN:
SF:src\users\users.service.ts
FN:16,(anonymous_4)
FN:22,(anonymous_5)
FN:50,(anonymous_6)
FN:81,(anonymous_7)
FN:96,(anonymous_8)
FNF:5
FNH:5
FNDA:13,(anonymous_4)
FNDA:3,(anonymous_5)
FNDA:4,(anonymous_6)
FNDA:2,(anonymous_7)
FNDA:3,(anonymous_8)
DA:1,1
DA:2,1
DA:8,1
DA:9,1
DA:10,1
DA:15,1
DA:18,13
DA:19,13
DA:27,3
DA:28,3
DA:29,2
DA:30,1
DA:32,1
DA:37,1
DA:39,1
DA:44,1
DA:51,4
DA:52,4
DA:56,3
DA:57,1
DA:59,2
DA:60,2
DA:61,1
DA:67,1
DA:69,1
DA:74,1
DA:82,2
DA:83,2
DA:84,1
DA:89,1
DA:100,3
DA:101,3
DA:102,2
DA:103,1
DA:105,2
DA:106,1
DA:108,2
DA:109,2
DA:113,1
LF:39
LH:39
BRDA:29,0,0,1
BRDA:29,0,1,1
BRDA:56,1,0,1
BRDA:56,1,1,2
BRDA:60,2,0,1
BRDA:60,2,1,1
BRDA:102,3,0,1
BRDA:102,3,1,1
BRDA:105,4,0,1
BRDA:105,4,1,1
BRF:10
BRH:10
end_of_record
